0 info it worked if it ends with ok
1 verbose cli [ 'node', '/usr/local/bin/npm', 'install', '-g', 'express' ]
2 info using npm@2.11.3
3 info using node@v0.12.7
4 verbose install initial load of /usr/local/lib/package.json
5 verbose readDependencies loading dependencies from /usr/local/lib/package.json
6 silly cache add args [ 'express', null ]
7 verbose cache add spec express
8 silly cache add parsed spec { raw: 'express',
8 silly cache add   scope: null,
8 silly cache add   name: 'express',
8 silly cache add   rawSpec: '',
8 silly cache add   spec: '*',
8 silly cache add   type: 'range' }
9 silly addNamed express@*
10 verbose addNamed "*" is a valid semver range for express
11 silly addNameRange { name: 'express', range: '*', hasData: false }
12 silly mapToRegistry name express
13 silly mapToRegistry using default registry
14 silly mapToRegistry registry http://registry.cnpmjs.org/
15 silly mapToRegistry uri http://registry.cnpmjs.org/express
16 verbose addNameRange registry:http://registry.cnpmjs.org/express not in flight; fetching
17 verbose request uri http://registry.cnpmjs.org/express
18 verbose request no auth needed
19 info attempt registry request try #1 at 23:29:22
20 verbose request id 2694d0a4252a074f
21 http request GET http://registry.cnpmjs.org/express
22 http 200 http://registry.cnpmjs.org/express
23 silly get cb [ 200,
23 silly get   { server: 'nginx/1.4.6 (Ubuntu)',
23 silly get     date: 'Wed, 12 Aug 2015 15:29:23 GMT',
23 silly get     'content-type': 'application/json; charset=utf-8',
23 silly get     'transfer-encoding': 'chunked',
23 silly get     'x-readtime': '147',
23 silly get     'content-encoding': 'gzip' } ]
24 verbose get saving express to /Users/xiaxia/.npm/registry.cnpmjs.org/express/.cache.json
25 silly addNameRange number 2 { name: 'express', range: '*', hasData: true }
26 silly addNameRange versions [ 'express',
26 silly addNameRange   [ '4.13.3',
26 silly addNameRange     '4.13.2',
26 silly addNameRange     '3.21.2',
26 silly addNameRange     '5.0.0-alpha.2',
26 silly addNameRange     '4.13.1',
26 silly addNameRange     '3.21.1',
26 silly addNameRange     '4.13.0',
26 silly addNameRange     '3.21.0',
26 silly addNameRange     '4.12.4',
26 silly addNameRange     '3.20.3',
26 silly addNameRange     '4.12.3',
26 silly addNameRange     '3.20.2',
26 silly addNameRange     '4.12.2',
26 silly addNameRange     '4.12.1',
26 silly addNameRange     '3.20.1',
26 silly addNameRange     '4.12.0',
26 silly addNameRange     '3.20.0',
26 silly addNameRange     '4.11.2',
26 silly addNameRange     '3.19.2',
26 silly addNameRange     '4.11.1',
26 silly addNameRange     '3.19.1',
26 silly addNameRange     '4.11.0',
26 silly addNameRange     '4.10.8',
26 silly addNameRange     '3.19.0',
26 silly addNameRange     '4.10.7',
26 silly addNameRange     '4.10.6',
26 silly addNameRange     '3.18.6',
26 silly addNameRange     '3.18.5',
26 silly addNameRange     '4.10.5',
26 silly addNameRange     '4.10.4',
26 silly addNameRange     '4.10.3',
26 silly addNameRange     '3.18.4',
26 silly addNameRange     '4.10.2',
26 silly addNameRange     '3.18.3',
26 silly addNameRange     '5.0.0-alpha.1',
26 silly addNameRange     '4.10.1',
26 silly addNameRange     '3.18.2',
26 silly addNameRange     '4.10.0',
26 silly addNameRange     '3.18.1',
26 silly addNameRange     '3.18.0',
26 silly addNameRange     '4.9.8',
26 silly addNameRange     '3.17.8',
26 silly addNameRange     '4.9.7',
26 silly addNameRange     '4.9.6',
26 silly addNameRange     '3.17.7',
26 silly addNameRange     '3.17.6',
26 silly addNameRange     '4.9.5',
26 silly addNameRange     '3.17.5',
26 silly addNameRange     '4.9.4',
26 silly addNameRange     '3.17.4',
26 silly addNameRange     '4.9.3',
26 silly addNameRange     '3.17.3',
26 silly addNameRange     '4.9.2',
26 silly addNameRange     '4.9.1',
26 silly addNameRange     '3.17.2',
26 silly addNameRange     '4.9.0',
26 silly addNameRange     '3.17.1',
26 silly addNameRange     '3.17.0',
26 silly addNameRange     '4.8.8',
26 silly addNameRange     '3.16.10',
26 silly addNameRange     '4.8.7',
26 silly addNameRange     '3.16.9',
26 silly addNameRange     '4.8.6',
26 silly addNameRange     '3.16.8',
26 silly addNameRange     '4.8.5',
26 silly addNameRange     '3.16.7',
26 silly addNameRange     '4.8.4',
26 silly addNameRange     '3.16.6',
26 silly addNameRange     '3.16.5',
26 silly addNameRange     '4.8.3',
26 silly addNameRange     '3.16.4',
26 silly addNameRange     '3.16.3',
26 silly addNameRange     '4.8.2',
26 silly addNameRange     '3.16.2',
26 silly addNameRange     '4.8.1',
26 silly addNameRange     '3.16.1',
26 silly addNameRange     '4.8.0',
26 silly addNameRange     '3.16.0',
26 silly addNameRange     '4.7.4',
26 silly addNameRange     '3.15.3',
26 silly addNameRange     '4.7.3',
26 silly addNameRange     '4.7.2',
26 silly addNameRange     '3.15.2',
26 silly addNameRange     '4.7.1',
26 silly addNameRange     '3.15.1',
26 silly addNameRange     '4.7.0',
26 silly addNameRange     '3.15.0',
26 silly addNameRange     '4.6.1',
26 silly addNameRange     '4.6.0',
26 silly addNameRange     '3.14.0',
26 silly addNameRange     '4.5.1',
26 silly addNameRange     '4.5.0',
26 silly addNameRange     '3.13.0',
26 silly addNameRange     '4.4.5',
26 silly addNameRange     '3.12.1',
26 silly addNameRange     '3.12.0',
26 silly addNameRange     '4.4.4',
26 silly addNameRange     '3.11.0',
26 silly addNameRange     '4.4.3',
26 silly addNameRange     '3.10.5',
26 silly addNameRange     '4.4.2',
26 silly addNameRange     '3.10.4',
26 silly addNameRange     '3.10.3',
26 silly addNameRange     '3.10.2',
26 silly addNameRange     '3.10.1',
26 silly addNameRange     '3.10.0',
26 silly addNameRange     '4.4.1',
26 silly addNameRange     '4.4.0',
26 silly addNameRange     '3.9.0',
26 silly addNameRange     '4.3.2',
26 silly addNameRange     '3.8.1',
26 silly addNameRange     '4.3.1',
26 silly addNameRange     '4.3.0',
26 silly addNameRange     '3.8.0',
26 silly addNameRange     '3.7.0',
26 silly addNameRange     '4.2.0',
26 silly addNameRange     '3.6.0',
26 silly addNameRange     '4.1.2',
26 silly addNameRange     '3.5.3',
26 silly addNameRange     '4.1.1',
26 silly addNameRange     '4.1.0',
26 silly addNameRange     '3.5.2',
26 silly addNameRange     '4.0.0',
26 silly addNameRange     '3.5.1',
26 silly addNameRange     '4.0.0-rc4',
26 silly addNameRange     '4.0.0-rc3',
26 silly addNameRange     '3.5.0',
26 silly addNameRange     '4.0.0-rc2',
26 silly addNameRange     '4.0.0-rc1',
26 silly addNameRange     '3.4.8',
26 silly addNameRange     '3.4.7',
26 silly addNameRange     '3.4.6',
26 silly addNameRange     '3.4.5',
26 silly addNameRange     '3.4.4',
26 silly addNameRange     '3.4.3',
26 silly addNameRange     '3.4.2',
26 silly addNameRange     '3.4.1',
26 silly addNameRange     '3.4.0',
26 silly addNameRange     '3.3.8',
26 silly addNameRange     '3.3.7',
26 silly addNameRange     '3.3.6',
26 silly addNameRange     '3.3.5',
26 silly addNameRange     '3.3.4',
26 silly addNameRange     '3.3.3',
26 silly addNameRange     '3.3.2',
26 silly addNameRange     '3.3.1',
26 silly addNameRange     '3.3.0',
26 silly addNameRange     '3.2.6',
26 silly addNameRange     '3.2.5',
26 silly addNameRange     '3.2.4',
26 silly addNameRange     '3.2.3',
26 silly addNameRange     '3.2.2',
26 silly addNameRange     '3.2.1',
26 silly addNameRange     '3.2.0',
26 silly addNameRange     '3.1.2',
26 silly addNameRange     '3.1.1',
26 silly addNameRange     '3.1.0',
26 silly addNameRange     '3.0.6',
26 silly addNameRange     '3.0.5',
26 silly addNameRange     '3.0.4',
26 silly addNameRange     '3.0.3',
26 silly addNameRange     '3.0.2',
26 silly addNameRange     '3.0.1',
26 silly addNameRange     '3.0.0',
26 silly addNameRange     '3.0.0-rc5',
26 silly addNameRange     '3.0.0-rc4',
26 silly addNameRange     '3.0.0-rc3',
26 silly addNameRange     '3.0.0-rc2',
26 silly addNameRange     '3.0.0-rc1',
26 silly addNameRange     '3.0.0-beta7',
26 silly addNameRange     '3.0.0-beta6',
26 silly addNameRange     '2.5.11',
26 silly addNameRange     '3.0.0-beta4',
26 silly addNameRange     '2.5.10',
26 silly addNameRange     '3.0.0-beta3',
26 silly addNameRange     '3.0.0-beta2',
26 silly addNameRange     '3.0.0-beta1',
26 silly addNameRange     '3.0.0-alpha5',
26 silly addNameRange     '3.0.0-alpha4',
26 silly addNameRange     '3.0.0-alpha3',
26 silly addNameRange     '3.0.0-alpha2',
26 silly addNameRange     '3.0.0-alpha1',
26 silly addNameRange     '2.5.9',
26 silly addNameRange     '2.5.8',
26 silly addNameRange     '2.5.7',
26 silly addNameRange     '2.5.6',
26 silly addNameRange     '2.5.5',
26 silly addNameRange     '2.5.4',
26 silly addNameRange     '2.5.3',
26 silly addNameRange     '2.5.2',
26 silly addNameRange     '2.5.1',
26 silly addNameRange     '2.5.0',
26 silly addNameRange     '2.4.7',
26 silly addNameRange     '2.4.6',
26 silly addNameRange     '2.4.5',
26 silly addNameRange     '2.4.4',
26 silly addNameRange     '2.4.3',
26 silly addNameRange     '2.4.2',
26 silly addNameRange     '2.4.1',
26 silly addNameRange     '2.4.0',
26 silly addNameRange     '2.3.12',
26 silly addNameRange     '2.3.11',
26 silly addNameRange     '2.3.10',
26 silly addNameRange     '2.3.9',
26 silly addNameRange     '2.3.8',
26 silly addNameRange     '2.3.7',
26 silly addNameRange     '2.3.6',
26 silly addNameRange     '2.3.5',
26 silly addNameRange     '2.3.4',
26 silly addNameRange     '2.3.3',
26 silly addNameRange     '2.3.2',
26 silly addNameRange     '2.3.1',
26 silly addNameRange     '2.3.0',
26 silly addNameRange     '2.2.2',
26 silly addNameRange     '2.2.1',
26 silly addNameRange     '2.2.0',
26 silly addNameRange     '2.1.1',
26 silly addNameRange     '2.1.0',
26 silly addNameRange     '2.0.0',
26 silly addNameRange     '2.0.0-rc3',
26 silly addNameRange     '2.0.0-rc2',
26 silly addNameRange     '2.0.0-rc',
26 silly addNameRange     '2.0.0-beta3',
26 silly addNameRange     '2.0.0-beta2',
26 silly addNameRange     '2.0.0-beta',
26 silly addNameRange     '1.0.8',
26 silly addNameRange     '1.0.7',
26 silly addNameRange     '1.0.6',
26 silly addNameRange     '1.0.5',
26 silly addNameRange     '1.0.4',
26 silly addNameRange     '1.0.3',
26 silly addNameRange     '1.0.2',
26 silly addNameRange     '1.0.1',
26 silly addNameRange     '1.0.0-rc4',
26 silly addNameRange     '1.0.0-rc3',
26 silly addNameRange     '1.0.0-rc2',
26 silly addNameRange     '1.0.0-rc',
26 silly addNameRange     '1.0.0-beta2',
26 silly addNameRange     '1.0.0-beta',
26 silly addNameRange     '0.14.1',
26 silly addNameRange     '1.0.0',
26 silly addNameRange     '0.14.0' ] ]
27 silly addNamed express@4.13.3
28 verbose addNamed "4.13.3" is a plain semver version for express
29 silly cache afterAdd express@4.13.3
30 verbose afterAdd /Users/xiaxia/.npm/express/4.13.3/package/package.json not in flight; writing
31 verbose afterAdd /Users/xiaxia/.npm/express/4.13.3/package/package.json written
32 silly install resolved [ { name: 'express',
32 silly install resolved     description: 'Fast, unopinionated, minimalist web framework',
32 silly install resolved     version: '4.13.3',
32 silly install resolved     author: { name: 'TJ Holowaychuk', email: 'tj@vision-media.ca' },
32 silly install resolved     contributors:
32 silly install resolved      [ [Object],
32 silly install resolved        [Object],
32 silly install resolved        [Object],
32 silly install resolved        [Object],
32 silly install resolved        [Object],
32 silly install resolved        [Object],
32 silly install resolved        [Object] ],
32 silly install resolved     license: 'MIT',
32 silly install resolved     repository:
32 silly install resolved      { type: 'git',
32 silly install resolved        url: 'git+https://github.com/strongloop/express.git' },
32 silly install resolved     homepage: 'http://expressjs.com/',
32 silly install resolved     keywords:
32 silly install resolved      [ 'express',
32 silly install resolved        'framework',
32 silly install resolved        'sinatra',
32 silly install resolved        'web',
32 silly install resolved        'rest',
32 silly install resolved        'restful',
32 silly install resolved        'router',
32 silly install resolved        'app',
32 silly install resolved        'api' ],
32 silly install resolved     dependencies:
32 silly install resolved      { accepts: '~1.2.12',
32 silly install resolved        'array-flatten': '1.1.1',
32 silly install resolved        'content-disposition': '0.5.0',
32 silly install resolved        'content-type': '~1.0.1',
32 silly install resolved        cookie: '0.1.3',
32 silly install resolved        'cookie-signature': '1.0.6',
32 silly install resolved        debug: '~2.2.0',
32 silly install resolved        depd: '~1.0.1',
32 silly install resolved        'escape-html': '1.0.2',
32 silly install resolved        etag: '~1.7.0',
32 silly install resolved        finalhandler: '0.4.0',
32 silly install resolved        fresh: '0.3.0',
32 silly install resolved        'merge-descriptors': '1.0.0',
32 silly install resolved        methods: '~1.1.1',
32 silly install resolved        'on-finished': '~2.3.0',
32 silly install resolved        parseurl: '~1.3.0',
32 silly install resolved        'path-to-regexp': '0.1.7',
32 silly install resolved        'proxy-addr': '~1.0.8',
32 silly install resolved        qs: '4.0.0',
32 silly install resolved        'range-parser': '~1.0.2',
32 silly install resolved        send: '0.13.0',
32 silly install resolved        'serve-static': '~1.10.0',
32 silly install resolved        'type-is': '~1.6.6',
32 silly install resolved        'utils-merge': '1.0.0',
32 silly install resolved        vary: '~1.0.1' },
32 silly install resolved     devDependencies:
32 silly install resolved      { after: '0.8.1',
32 silly install resolved        ejs: '2.3.3',
32 silly install resolved        istanbul: '0.3.17',
32 silly install resolved        marked: '0.3.5',
32 silly install resolved        mocha: '2.2.5',
32 silly install resolved        should: '7.0.2',
32 silly install resolved        supertest: '1.0.1',
32 silly install resolved        'body-parser': '~1.13.3',
32 silly install resolved        'connect-redis': '~2.4.1',
32 silly install resolved        'cookie-parser': '~1.3.5',
32 silly install resolved        'cookie-session': '~1.2.0',
32 silly install resolved        'express-session': '~1.11.3',
32 silly install resolved        jade: '~1.11.0',
32 silly install resolved        'method-override': '~2.3.5',
32 silly install resolved        morgan: '~1.6.1',
32 silly install resolved        multiparty: '~4.1.2',
32 silly install resolved        vhost: '~3.0.1' },
32 silly install resolved     engines: { node: '>= 0.10.0' },
32 silly install resolved     files: [ 'LICENSE', 'History.md', 'Readme.md', 'index.js', 'lib/' ],
32 silly install resolved     scripts:
32 silly install resolved      { test: 'mocha --require test/support/env --reporter spec --bail --check-leaks test/ test/acceptance/',
32 silly install resolved        'test-ci': 'istanbul cover node_modules/mocha/bin/_mocha --report lcovonly -- --require test/support/env --reporter spec --check-leaks test/ test/acceptance/',
32 silly install resolved        'test-cov': 'istanbul cover node_modules/mocha/bin/_mocha -- --require test/support/env --reporter dot --check-leaks test/ test/acceptance/',
32 silly install resolved        'test-tap': 'mocha --require test/support/env --reporter tap --check-leaks test/ test/acceptance/' },
32 silly install resolved     gitHead: 'ef7ad681b245fba023843ce94f6bcb8e275bbb8e',
32 silly install resolved     bugs: { url: 'https://github.com/strongloop/express/issues' },
32 silly install resolved     _id: 'express@4.13.3',
32 silly install resolved     _shasum: 'ddb2f1fb4502bf33598d2b032b037960ca6c80a3',
32 silly install resolved     _from: 'express@*',
32 silly install resolved     _npmVersion: '1.4.28',
32 silly install resolved     _npmUser: { name: 'dougwilson', email: 'doug@somethingdoug.com' },
32 silly install resolved     maintainers:
32 silly install resolved      [ [Object],
32 silly install resolved        [Object],
32 silly install resolved        [Object],
32 silly install resolved        [Object],
32 silly install resolved        [Object],
32 silly install resolved        [Object],
32 silly install resolved        [Object] ],
32 silly install resolved     dist:
32 silly install resolved      { shasum: 'ddb2f1fb4502bf33598d2b032b037960ca6c80a3',
32 silly install resolved        tarball: 'http://registry.npmjs.org/express/-/express-4.13.3.tgz' },
32 silly install resolved     directories: {},
32 silly install resolved     _resolved: 'https://registry.npmjs.org/express/-/express-4.13.3.tgz',
32 silly install resolved     readme: 'ERROR: No README data found!' } ]
33 info install express@4.13.3 into /usr/local/lib
34 info installOne express@4.13.3
35 verbose installOne of express to /usr/local/lib not in flight; installing
36 verbose lock using /Users/xiaxia/.npm/_locks/express-59b5b7164c5e2658.lock for /usr/local/lib/node_modules/express
37 silly install write writing express 4.13.3 to /usr/local/lib/node_modules/express
38 verbose unbuild lib/node_modules/express
39 silly gentlyRm /usr/local/lib/node_modules/express is being purged from base /usr/local
40 verbose gentlyRm don't care about contents; nuking /usr/local/lib/node_modules/express
41 verbose tar unpack /Users/xiaxia/.npm/express/4.13.3/package.tgz
42 verbose tar unpacking to /usr/local/lib/node_modules/express
43 silly gentlyRm /usr/local/lib/node_modules/express is being purged
44 verbose gentlyRm don't care about contents; nuking /usr/local/lib/node_modules/express
45 silly gunzTarPerm modes [ '755', '644' ]
46 error tar.unpack untar error /Users/xiaxia/.npm/express/4.13.3/package.tgz
47 verbose unlock done using /Users/xiaxia/.npm/_locks/express-59b5b7164c5e2658.lock for /usr/local/lib/node_modules/express
48 verbose fstream_path /usr/local/lib/node_modules/express
49 verbose fstream_type Directory
50 verbose fstream_class DirWriter
51 verbose stack Error: EACCES, mkdir '/usr/local/lib/node_modules/express'
51 verbose stack     at Error (native)
52 verbose fstream_stack /usr/local/lib/node_modules/npm/node_modules/fstream/lib/dir-writer.js:35:25
52 verbose fstream_stack /usr/local/lib/node_modules/npm/node_modules/mkdirp/index.js:47:53
52 verbose fstream_stack FSReqWrap.oncomplete (fs.js:95:15)
53 verbose cwd /Users/xiaxia/Documents/nodejs/node/lesson2
54 error Darwin 14.3.0
55 error argv "node" "/usr/local/bin/npm" "install" "-g" "express"
56 error node v0.12.7
57 error npm  v2.11.3
58 error path /usr/local/lib/node_modules/express
59 error code EACCES
60 error errno -13
61 error Error: EACCES, mkdir '/usr/local/lib/node_modules/express'
61 error     at Error (native)
61 error  { [Error: EACCES, mkdir '/usr/local/lib/node_modules/express']
61 error   errno: -13,
61 error   code: 'EACCES',
61 error   path: '/usr/local/lib/node_modules/express',
61 error   fstream_type: 'Directory',
61 error   fstream_path: '/usr/local/lib/node_modules/express',
61 error   fstream_class: 'DirWriter',
61 error   fstream_stack:
61 error    [ '/usr/local/lib/node_modules/npm/node_modules/fstream/lib/dir-writer.js:35:25',
61 error      '/usr/local/lib/node_modules/npm/node_modules/mkdirp/index.js:47:53',
61 error      'FSReqWrap.oncomplete (fs.js:95:15)' ] }
62 error Please try running this command again as root/Administrator.
63 verbose exit [ -13, true ]
64 verbose unbuild lib/node_modules/express
65 silly gentlyRm /usr/local/lib/node_modules/express is being purged from base /usr/local
66 verbose gentlyRm don't care about contents; nuking /usr/local/lib/node_modules/express
